{
  message: ' Database is Connact Success',
  level: 'info',
  label: 'FU',
  timestamp: '2023-06-02T12:10:38.322Z'
}
{
  message: 'Appliction listening on port 5000',
  level: 'info',
  label: 'FU',
  timestamp: '2023-06-02T12:10:38.336Z'
}
{
  message: ' Database is Connact Success',
  level: 'info',
  label: 'FU',
  timestamp: '2023-06-02T12:10:48.521Z'
}
{
  message: 'Appliction listening on port 5000',
  level: 'info',
  label: 'FU',
  timestamp: '2023-06-02T12:10:48.540Z'
}
{
  message: ' Database is Connact Success',
  level: 'info',
  label: 'FU',
  timestamp: '2023-06-02T12:14:01.077Z'
}
{
  message: 'Appliction listening on port 5000',
  level: 'info',
  label: 'FU',
  timestamp: '2023-06-02T12:14:01.089Z'
}
{ message: ' Database is Connact Success', level: 'info', label: 'FU' }
{
  message: 'Appliction listening on port 5000',
  level: 'info',
  label: 'FU'
}
{ message: ' Database is Connact Success', level: 'info', label: 'FU' }
{
  message: 'Appliction listening on port 5000',
  level: 'info',
  label: 'FU'
}
{ message: ' Database is Connact Success', level: 'info', label: 'FU' }
{
  message: 'Appliction listening on port 5000',
  level: 'info',
  label: 'FU'
}
{ message: ' Database is Connact Success', level: 'info', label: 'FU' }
{
  message: 'Appliction listening on port 5000',
  level: 'info',
  label: 'FU'
}
Invalid Date NaN:NaN:NaN [FU] info:  Database is Connact Success
Invalid Date NaN:NaN:NaN [FU] info: Appliction listening on port 5000
Invalid Date NaN:NaN:NaN [FU] info:  Database is Connact Success
Invalid Date NaN:NaN:NaN [FU] info: Appliction listening on port 5000
Invalid Date NaN:NaN:NaN [FU] info:  Database is Connact Success
Invalid Date NaN:NaN:NaN [FU] info: Appliction listening on port 5000
Fri Jun 02 2023 18:25:46 [FU] info:  Database is Connact Success
Fri Jun 02 2023 18:25:46 [FU] info: Appliction listening on port 5000
Fri Jun 02 2023 18:28:59 [FU] info:  Database is Connact Success
Fri Jun 02 2023 18:28:59 [FU] info: Appliction listening on port 5000
Fri Jun 02 2023 18:31:27 [FU] info:  Database is Connact Success
Fri Jun 02 2023 18:31:27 [FU] info: Appliction listening on port 5000
